<?xml version="1.0" encoding="UTF-8"?>
<testsuite xmlns:xsi="http://www.w3.org/2001/XMLSchema-instance" xsi:noNamespaceSchemaLocation="https://maven.apache.org/surefire/maven-surefire-plugin/xsd/surefire-test-report-3.0.xsd" version="3.0" name="com.flightplanner.ApplicationTests" time="2.242" tests="1" errors="0" skipped="0" failures="0">
  <properties>
[...]
</properties>
  <testcase name="contextLoads" classname="com.flightplanner.ApplicationTests" time="0.361">
    <system-out><![CDATA[11:02:08.946 [main] INFO org.springframework.test.context.support.AnnotationConfigContextLoaderUtils -- Could not detect default configuration classes for test class [com.flightplanner.ApplicationTests]: ApplicationTests does not declare any static, non-private, non-final, nested classes annotated with @Configuration.
11:02:08.984 [main] INFO org.springframework.boot.test.context.SpringBootTestContextBootstrapper -- Found @SpringBootConfiguration com.flightplanner.Application for test class com.flightplanner.ApplicationTests
11:02:09.044 [main] INFO org.springframework.boot.devtools.restart.RestartApplicationListener -- Restart disabled due to context in which it is running

  .   ____          _            __ _ _
 /\\ / ___'_ __ _ _(_)_ __  __ _ \ \ \ \
( ( )\___ | '_ | '_| | '_ \/ _` | \ \ \ \
 \\/  ___)| |_)| | | | | || (_| |  ) ) ) )
  '  |____| .__|_| |_|_| |_\__, | / / / /
 =========|_|==============|___/=/_/_/_/
 :: Spring Boot ::                (v3.2.0)

2026-01-13T11:02:09.603+01:00  INFO 29133 --- [flight-planner-backend] [           main] o.hibernate.jpa.internal.util.LogHelper  : HHH000204: Processing PersistenceUnitInfo [name: default]
2026-01-13T11:02:09.627+01:00  INFO 29133 --- [flight-planner-backend] [           main] org.hibernate.Version                    : HHH000412: Hibernate ORM core version 6.3.1.Final
2026-01-13T11:02:09.641+01:00  INFO 29133 --- [flight-planner-backend] [           main] o.h.c.internal.RegionFactoryInitiator    : HHH000026: Second-level cache disabled
2026-01-13T11:02:09.742+01:00  INFO 29133 --- [flight-planner-backend] [           main] com.zaxxer.hikari.HikariDataSource       : HikariPool-1 - Starting...
2026-01-13T11:02:09.821+01:00  INFO 29133 --- [flight-planner-backend] [           main] com.zaxxer.hikari.pool.HikariPool        : HikariPool-1 - Added connection conn0: url=jdbc:h2:mem:testdb user=SA
2026-01-13T11:02:09.821+01:00  INFO 29133 --- [flight-planner-backend] [           main] com.zaxxer.hikari.HikariDataSource       : HikariPool-1 - Start completed.
2026-01-13T11:02:09.832+01:00  WARN 29133 --- [flight-planner-backend] [           main] org.hibernate.dialect.Dialect            : HHH000511: The 2.2.0 version for [org.hibernate.dialect.PostgreSQLDialect] is no longer supported, hence certain features may not work properly. The minimum supported version is 11.0.0. Check the community dialects project for available legacy versions.
2026-01-13T11:02:09.835+01:00  WARN 29133 --- [flight-planner-backend] [           main] org.hibernate.orm.deprecation            : HHH90000025: PostgreSQLDialect does not need to be specified explicitly using 'hibernate.dialect' (remove the property setting and it will be selected by default)
2026-01-13T11:02:10.180+01:00  INFO 29133 --- [flight-planner-backend] [           main] o.h.e.t.j.p.i.JtaPlatformInitiator       : HHH000489: No JTA platform available (set 'hibernate.transaction.jta.platform' to enable JTA platform integration)
2026-01-13T11:02:10.185+01:00 DEBUG 29133 --- [flight-planner-backend] [           main] org.hibernate.SQL                        : 
    alter table if exists flight_segments 
       drop constraint if exists FKp5v1qvnfo82ykj2soi9xw0xti
2026-01-13T11:02:10.186+01:00 DEBUG 29133 --- [flight-planner-backend] [           main] org.hibernate.SQL                        : 
    alter table if exists group_itineraries 
       drop constraint if exists FKs89ao0yqjh9g38jpxk8g9gm0l
2026-01-13T11:02:10.186+01:00 DEBUG 29133 --- [flight-planner-backend] [           main] org.hibernate.SQL                        : 
    alter table if exists group_itineraries 
       drop constraint if exists FKm8lbshywb2vkmnk20d4plbv4s
2026-01-13T11:02:10.186+01:00 DEBUG 29133 --- [flight-planner-backend] [           main] org.hibernate.SQL                        : 
    alter table if exists group_members 
       drop constraint if exists FK1yh53yvt8d369wvk75ivf4g15
2026-01-13T11:02:10.186+01:00 DEBUG 29133 --- [flight-planner-backend] [           main] org.hibernate.SQL                        : 
    alter table if exists group_members 
       drop constraint if exists FKkv9vlrye4rmhqjq4qohy2n5a6
2026-01-13T11:02:10.187+01:00 DEBUG 29133 --- [flight-planner-backend] [           main] org.hibernate.SQL                        : 
    alter table if exists itineraries 
       drop constraint if exists FK6emltoopq46tk5666ub24ab3t
2026-01-13T11:02:10.187+01:00 DEBUG 29133 --- [flight-planner-backend] [           main] org.hibernate.SQL                        : 
    drop table if exists employees cascade
2026-01-13T11:02:10.187+01:00 DEBUG 29133 --- [flight-planner-backend] [           main] org.hibernate.SQL                        : 
    drop table if exists flight_segments cascade
2026-01-13T11:02:10.187+01:00 DEBUG 29133 --- [flight-planner-backend] [           main] org.hibernate.SQL                        : 
    drop table if exists group_itineraries cascade
2026-01-13T11:02:10.187+01:00 DEBUG 29133 --- [flight-planner-backend] [           main] org.hibernate.SQL                        : 
    drop table if exists group_members cascade
2026-01-13T11:02:10.187+01:00 DEBUG 29133 --- [flight-planner-backend] [           main] org.hibernate.SQL                        : 
    drop table if exists groups cascade
2026-01-13T11:02:10.187+01:00 DEBUG 29133 --- [flight-planner-backend] [           main] org.hibernate.SQL                        : 
    drop table if exists itineraries cascade
2026-01-13T11:02:10.190+01:00 DEBUG 29133 --- [flight-planner-backend] [           main] org.hibernate.SQL                        : 
    create table employees (
        active boolean not null,
        created_at timestamp(6) with time zone not null,
        updated_at timestamp(6) with time zone not null,
        id uuid not null,
        department varchar(100) not null,
        first_name varchar(100) not null,
        last_name varchar(100) not null,
        title varchar(100) not null,
        email varchar(255) not null unique,
        primary key (id)
    )
2026-01-13T11:02:10.193+01:00 DEBUG 29133 --- [flight-planner-backend] [           main] org.hibernate.SQL                        : 
    create table flight_segments (
        from_airport varchar(3) not null,
        segment_order integer not null,
        to_airport varchar(3) not null,
        arrival timestamp(6) with time zone not null,
        created_at timestamp(6) with time zone not null,
        departure timestamp(6) with time zone not null,
        carrier varchar(10) not null,
        id uuid not null,
        itinerary_id uuid not null,
        flight_number varchar(20) not null,
        seat_class varchar(20) not null check (seat_class in ('ECONOMY','PREMIUM','BUSINESS','FIRST')),
        primary key (id)
    )
2026-01-13T11:02:10.194+01:00 DEBUG 29133 --- [flight-planner-backend] [           main] org.hibernate.SQL                        : 
    create table group_itineraries (
        group_id uuid not null,
        itinerary_id uuid not null,
        primary key (group_id, itinerary_id)
    )
2026-01-13T11:02:10.195+01:00 DEBUG 29133 --- [flight-planner-backend] [           main] org.hibernate.SQL                        : 
    create table group_members (
        employee_id uuid not null,
        group_id uuid not null,
        primary key (employee_id, group_id)
    )
2026-01-13T11:02:10.195+01:00 DEBUG 29133 --- [flight-planner-backend] [           main] org.hibernate.SQL                        : 
    create table groups (
        created_at timestamp(6) with time zone not null,
        updated_at timestamp(6) with time zone not null,
        id uuid not null,
        name varchar(200) not null,
        description TEXT,
        primary key (id)
    )
2026-01-13T11:02:10.196+01:00 DEBUG 29133 --- [flight-planner-backend] [           main] org.hibernate.SQL                        : 
    create table itineraries (
        created_at timestamp(6) with time zone not null,
        updated_at timestamp(6) with time zone not null,
        employee_id uuid not null,
        id uuid not null,
        status varchar(20) not null check (status in ('DRAFT','BOOKED','TRAVELING','COMPLETED','CANCELLED')),
        purpose varchar(500) not null,
        primary key (id)
    )
2026-01-13T11:02:10.196+01:00 DEBUG 29133 --- [flight-planner-backend] [           main] org.hibernate.SQL                        : 
    alter table if exists flight_segments 
       add constraint FKp5v1qvnfo82ykj2soi9xw0xti 
       foreign key (itinerary_id) 
       references itineraries
2026-01-13T11:02:10.200+01:00 DEBUG 29133 --- [flight-planner-backend] [           main] org.hibernate.SQL                        : 
    alter table if exists group_itineraries 
       add constraint FKs89ao0yqjh9g38jpxk8g9gm0l 
       foreign key (itinerary_id) 
       references itineraries
2026-01-13T11:02:10.201+01:00 DEBUG 29133 --- [flight-planner-backend] [           main] org.hibernate.SQL                        : 
    alter table if exists group_itineraries 
       add constraint FKm8lbshywb2vkmnk20d4plbv4s 
       foreign key (group_id) 
       references groups
2026-01-13T11:02:10.202+01:00 DEBUG 29133 --- [flight-planner-backend] [           main] org.hibernate.SQL                        : 
    alter table if exists group_members 
       add constraint FK1yh53yvt8d369wvk75ivf4g15 
       foreign key (employee_id) 
       references employees
2026-01-13T11:02:10.203+01:00 DEBUG 29133 --- [flight-planner-backend] [           main] org.hibernate.SQL                        : 
    alter table if exists group_members 
       add constraint FKkv9vlrye4rmhqjq4qohy2n5a6 
       foreign key (group_id) 
       references groups
2026-01-13T11:02:10.203+01:00 DEBUG 29133 --- [flight-planner-backend] [           main] org.hibernate.SQL                        : 
    alter table if exists itineraries 
       add constraint FK6emltoopq46tk5666ub24ab3t 
       foreign key (employee_id) 
       references employees
2026-01-13T11:02:10.318+01:00  WARN 29133 --- [flight-planner-backend] [           main] JpaBaseConfiguration$JpaWebConfiguration : spring.jpa.open-in-view is enabled by default. Therefore, database queries may be performed during view rendering. Explicitly configure spring.jpa.open-in-view to disable this warning
]]></system-out>
    <system-err><![CDATA[WARNING: A Java agent has been loaded dynamically (/Users/krister.borge/.m2/repository/net/bytebuddy/byte-buddy-agent/1.14.10/byte-buddy-agent-1.14.10.jar)
WARNING: If a serviceability tool is in use, please run with -XX:+EnableDynamicAgentLoading to hide this warning
WARNING: If a serviceability tool is not in use, please run with -Djdk.instrument.traceUsage for more information
WARNING: Dynamic loading of agents will be disallowed by default in a future release
]]></system-err>
  </testcase>
</testsuite>